
SPECjvm2008 Peak
  Properties file:   /home/estudent1/22012820/test_SPECjvm/Assignment3/props/openjdk.properties
  Properties file 2: ./props/openjdk.reporter.properties
  Base dir:          /home/estudent1/22012820/SPECjvm2008
  Benchmarks:        compress

  WARNING: Run will not be compliant.
  Property specjvm.maxiter must be 1 for publication.
  Property specjvm.miniter must be 1 for publication.
  Not a compliant sequence of benchmarks for publication.
  Property specjvm.run.checksum.validation must be true for publication.
  Property specjvm.runmode unknown.


--- --- --- --- --- --- --- --- ---

  Benchmark:   check
  Run mode:    static run
  Test type:   functional
  Threads:     1
  Iterations:  1
  Run length:  1 operation

Iteration 1 (1 operation) begins: Thu Jul 10 18:38:02 CST 2025
Iteration 1 (1 operation) ends:   Thu Jul 10 18:38:03 CST 2025
Iteration 1 (1 operation) result: PASSED

Valid run!


--- --- --- --- --- --- --- --- ---

  Benchmark:   compress
  Run mode:    timed run
  Test type:   multi
  Threads:     64
  Warmup:      120s
  Iterations:  5
  Run length:  240s

Warmup (120s) begins: Thu Jul 10 18:38:04 CST 2025
Warmup (120s) ends:   Thu Jul 10 18:40:17 CST 2025
Warmup (120s) result: 543.52 ops/m

Iteration 1 (240s) begins: Thu Jul 10 18:40:18 CST 2025
Iteration 1 (240s) ends:   Thu Jul 10 18:44:33 CST 2025
Iteration 1 (240s) result: 595.51 ops/m

Iteration 2 (240s) begins: Thu Jul 10 18:44:34 CST 2025
Iteration 2 (240s) ends:   Thu Jul 10 18:48:49 CST 2025
Iteration 2 (240s) result: 583.68 ops/m

Iteration 3 (240s) begins: Thu Jul 10 18:48:49 CST 2025
Iteration 3 (240s) ends:   Thu Jul 10 18:53:04 CST 2025
Iteration 3 (240s) result: 585.63 ops/m

Iteration 4 (240s) begins: Thu Jul 10 18:53:04 CST 2025
Iteration 4 (240s) ends:   Thu Jul 10 18:57:14 CST 2025
Iteration 4 (240s) result: 857.58 ops/m

Iteration 5 (240s) begins: Thu Jul 10 18:57:14 CST 2025
Iteration 5 (240s) ends:   Thu Jul 10 19:01:17 CST 2025
Iteration 5 (240s) result: 1757.82 ops/m

Valid run!
Score on compress: 1757.82 ops/m

Results are stored in: 
/home/estudent1/22012820/test_SPECjvm/Assignment3/results/openjdk_results/SPECjvm2008.002/SPECjvm2008.002.raw
Generating reports in:
/home/estudent1/22012820/test_SPECjvm/Assignment3/results/openjdk_results/SPECjvm2008.002

Noncompliant composite result: 1757.82 ops/m
